nohup: ignoring input
2026-02-08 14:51:28,451 INFO HTTP Request: GET https://zbtebwdomihnjwuvabpr.supabase.co/rest/v1/apps?select=app_id%2Ctitle "HTTP/2 200 OK"
2026-02-08 14:51:29,353 INFO APKPure versions URL: https://apkpure.com/meta-business-suite/com.facebook.pages.app/versions
2026-02-08 14:51:29,771 INFO APKPure: found 20 versions for com.facebook.pages.app
2026-02-08 14:51:29,771 INFO APKPure: added 20 unique versions
2026-02-08 14:51:30,612 INFO Uptodown versions URL: https://facebook.en.uptodown.com/android/versions
2026-02-08 14:51:31,094 INFO Uptodown: found 8 versions for com.facebook.pages.app
2026-02-08 14:51:31,095 INFO Uptodown: added 8 unique versions
2026-02-08 14:51:32,256 INFO APKCombo: found 3 versions for com.facebook.pages.app
2026-02-08 14:51:34,068 INFO APKMirror uploads URL: https://www.apkmirror.com/apk/facebook-2/pages-manager/meta-business-suite-539-0-0-47-107-release/
2026-02-08 14:51:46,631 INFO Total unique versions for com.facebook.pages.app: 28
2026-02-08 14:51:47,557 INFO HTTP Request: POST https://zbtebwdomihnjwuvabpr.supabase.co/rest/v1/app_versions?on_conflict=app_id%2Cversion_name&columns=%22version_name%22%2C%22source%22%2C%22release_date%22%2C%22apk_url%22%2C%22app_id%22%2C%22apk_size_mb%22 "HTTP/2 201 Created"
2026-02-08 14:51:48,016 INFO APKPure versions URL: https://apkpure.com/messenger-kids-%E2%80%93-the-messaging/com.facebook.talk/versions
2026-02-08 14:51:48,441 INFO APKPure: found 20 versions for com.facebook.talk
2026-02-08 14:51:48,441 INFO APKPure: added 20 unique versions
2026-02-08 14:51:48,484 INFO Uptodown versions URL: https://facebook.en.uptodown.com/android/versions
2026-02-08 14:51:48,548 INFO Uptodown: found 8 versions for com.facebook.talk
2026-02-08 14:51:48,548 INFO Uptodown: added 8 unique versions
2026-02-08 14:51:50,079 INFO APKCombo: found 3 versions for com.facebook.talk
2026-02-08 14:51:51,683 INFO APKMirror uploads URL: https://www.apkmirror.com/apk/facebook-2/messenger-kids-safer-video-calls-and-texting/messenger-kids-the-messaging-310-0-0-57-220-release/
2026-02-08 14:52:04,214 INFO Total unique versions for com.facebook.talk: 28
2026-02-08 14:52:05,424 INFO HTTP Request: POST https://zbtebwdomihnjwuvabpr.supabase.co/rest/v1/app_versions?on_conflict=app_id%2Cversion_name&columns=%22version_name%22%2C%22source%22%2C%22release_date%22%2C%22apk_url%22%2C%22app_id%22%2C%22apk_size_mb%22 "HTTP/2 201 Created"
2026-02-08 14:52:09,318 INFO APKPure versions URL: https://apkpure.com/instagram-android-2025/com.instagram.android/versions
2026-02-08 14:52:10,049 INFO APKPure: found 20 versions for com.instagram.android
2026-02-08 14:52:10,050 INFO APKPure: added 20 unique versions
2026-02-08 14:52:10,371 INFO Uptodown versions URL: https://instagram.en.uptodown.com/android/versions
2026-02-08 14:52:10,490 INFO Uptodown: found 6 versions for com.instagram.android
2026-02-08 14:52:10,590 INFO APKCombo: found 3 versions for com.instagram.android
2026-02-08 14:52:23,415 INFO Total unique versions for com.instagram.android: 20
2026-02-08 14:52:23,894 INFO HTTP Request: POST https://zbtebwdomihnjwuvabpr.supabase.co/rest/v1/app_versions?on_conflict=app_id%2Cversion_name&columns=%22version_name%22%2C%22source%22%2C%22release_date%22%2C%22apk_url%22%2C%22app_id%22%2C%22apk_size_mb%22 "HTTP/2 201 Created"
2026-02-08 14:52:24,209 INFO APKPure versions URL: https://apkpure.com/telegram/org.telegram.messenger/versions
2026-02-08 14:52:24,635 INFO APKPure: found 20 versions for org.telegram.messenger
2026-02-08 14:52:24,636 INFO APKPure: added 20 unique versions
2026-02-08 14:52:25,306 INFO Uptodown versions URL: https://telegram.en.uptodown.com/android/versions
2026-02-08 14:52:25,396 INFO Uptodown: found 20 versions for org.telegram.messenger
2026-02-08 14:52:25,396 INFO Uptodown: added 1 unique versions
2026-02-08 14:52:26,039 INFO APKCombo: found 3 versions for org.telegram.messenger
2026-02-08 14:52:27,223 INFO APKMirror uploads URL: https://www.apkmirror.com/apk/telegram-fz-llc/telegram-web-version/telegram-web-version-12-4-1-release/
2026-02-08 14:52:28,163 INFO APKMirror: found 20 versions for org.telegram.messenger
2026-02-08 14:52:28,164 INFO APKMirror: added 10 unique versions
2026-02-08 14:52:28,164 INFO Total unique versions for org.telegram.messenger: 31
2026-02-08 14:52:28,808 INFO HTTP Request: POST https://zbtebwdomihnjwuvabpr.supabase.co/rest/v1/app_versions?on_conflict=app_id%2Cversion_name&columns=%22version_name%22%2C%22source%22%2C%22release_date%22%2C%22apk_url%22%2C%22app_id%22%2C%22apk_size_mb%22 "HTTP/2 201 Created"
2026-02-08 14:52:29,199 INFO APKPure versions URL: https://apkpure.com/qr-code-scanner-without-ads/qr.code.scanner.qr.code.reader/versions
2026-02-08 14:52:29,473 INFO APKPure: found 3 versions for qr.code.scanner.qr.code.reader
2026-02-08 14:52:29,474 INFO APKPure: added 3 unique versions
2026-02-08 14:52:29,763 INFO Uptodown versions URL: https://qr.en.uptodown.com/android/versions
2026-02-08 14:52:30,334 INFO Uptodown: found 0 versions for qr.code.scanner.qr.code.reader
2026-02-08 14:52:31,487 INFO APKCombo: found 3 versions for qr.code.scanner.qr.code.reader
2026-02-08 14:52:32,094 INFO APKMirror uploads URL: https://www.apkmirror.com/apk/google-inc/google-play-store/google-play-store-49-7-20-release/
2026-02-08 14:52:32,593 INFO APKMirror: found 20 versions for qr.code.scanner.qr.code.reader
2026-02-08 14:52:32,593 INFO APKMirror: added 20 unique versions
2026-02-08 14:52:32,594 INFO Total unique versions for qr.code.scanner.qr.code.reader: 23
2026-02-08 14:52:33,077 INFO HTTP Request: POST https://zbtebwdomihnjwuvabpr.supabase.co/rest/v1/app_versions?on_conflict=app_id%2Cversion_name&columns=%22version_name%22%2C%22source%22%2C%22release_date%22%2C%22apk_url%22%2C%22app_id%22%2C%22apk_size_mb%22 "HTTP/2 201 Created"
2026-02-08 14:52:33,275 INFO APKPure versions URL: https://apkpure.com/account/logout/versions
2026-02-08 14:52:34,002 INFO Uptodown versions URL: https://qrcodescanner.en.uptodown.com/android/versions
2026-02-08 14:52:34,430 INFO Uptodown: found 20 versions for qrcodescanner.barcodescanner.qrscanner.qrcodereader
2026-02-08 14:52:34,430 INFO Uptodown: added 20 unique versions
2026-02-08 14:52:35,564 INFO APKCombo: found 20 versions for qrcodescanner.barcodescanner.qrscanner.qrcodereader
2026-02-08 14:52:35,565 INFO APKCombo: added 20 unique versions
2026-02-08 14:52:36,318 INFO APKMirror uploads URL: https://www.apkmirror.com/apk/google-inc/google-play-store/google-play-store-49-7-20-release/
2026-02-08 14:52:36,912 INFO APKMirror: found 20 versions for qrcodescanner.barcodescanner.qrscanner.qrcodereader
2026-02-08 14:52:36,913 INFO APKMirror: added 19 unique versions
2026-02-08 14:52:36,913 INFO Total unique versions for qrcodescanner.barcodescanner.qrscanner.qrcodereader: 59
2026-02-08 14:52:37,352 INFO HTTP Request: POST https://zbtebwdomihnjwuvabpr.supabase.co/rest/v1/app_versions?on_conflict=app_id%2Cversion_name&columns=%22version_name%22%2C%22source%22%2C%22release_date%22%2C%22apk_url%22%2C%22app_id%22%2C%22apk_size_mb%22 "HTTP/2 201 Created"
2026-02-08 14:52:37,953 INFO APKPure versions URL: https://apkpure.com/facebook-app/com.facebook.katana/versions
2026-02-08 14:52:38,925 INFO APKPure: found 20 versions for com.facebook.katana
2026-02-08 14:52:38,925 INFO APKPure: added 20 unique versions
2026-02-08 14:52:38,960 INFO Uptodown versions URL: https://facebook.en.uptodown.com/android/versions
2026-02-08 14:52:39,023 INFO Uptodown: found 8 versions for com.facebook.katana
2026-02-08 14:52:39,123 INFO APKCombo: found 3 versions for com.facebook.katana
2026-02-08 14:52:51,708 INFO Total unique versions for com.facebook.katana: 20
2026-02-08 14:52:52,349 INFO HTTP Request: POST https://zbtebwdomihnjwuvabpr.supabase.co/rest/v1/app_versions?on_conflict=app_id%2Cversion_name&columns=%22version_name%22%2C%22source%22%2C%22release_date%22%2C%22apk_url%22%2C%22app_id%22%2C%22apk_size_mb%22 "HTTP/2 201 Created"
2026-02-08 14:52:52,576 INFO APKPure versions URL: https://apkpure.com/camscanner-scanner-pdf-maker/com.intsig.camscanner/versions
2026-02-08 14:52:52,866 INFO APKPure: found 20 versions for com.intsig.camscanner
2026-02-08 14:52:52,866 INFO APKPure: added 20 unique versions
2026-02-08 14:52:54,741 INFO Uptodown versions URL: https://camscanner.en.uptodown.com/android/versions
2026-02-08 14:52:55,226 INFO Uptodown: found 3 versions for com.intsig.camscanner
2026-02-08 14:52:56,714 INFO APKCombo: found 3 versions for com.intsig.camscanner
2026-02-08 14:52:57,467 INFO APKMirror uploads URL: https://www.apkmirror.com/apk/google-inc/google-play-store/google-play-store-49-7-20-release/
2026-02-08 14:52:57,948 INFO APKMirror: found 20 versions for com.intsig.camscanner
2026-02-08 14:52:57,948 INFO APKMirror: added 20 unique versions
2026-02-08 14:52:57,949 INFO Total unique versions for com.intsig.camscanner: 40
2026-02-08 14:52:58,586 INFO HTTP Request: POST https://zbtebwdomihnjwuvabpr.supabase.co/rest/v1/app_versions?on_conflict=app_id%2Cversion_name&columns=%22version_name%22%2C%22source%22%2C%22release_date%22%2C%22apk_url%22%2C%22app_id%22%2C%22apk_size_mb%22 "HTTP/2 201 Created"
2026-02-08 14:52:59,944 INFO APKPure versions URL: https://apkpure.com/qrbot-qr-barcode-reader/net.qrbot/versions
2026-02-08 14:53:00,333 INFO APKPure: found 20 versions for net.qrbot
2026-02-08 14:53:00,334 INFO APKPure: added 20 unique versions
2026-02-08 14:53:01,032 INFO Uptodown versions URL: https://qrbot.en.uptodown.com/android/versions
2026-02-08 14:53:01,505 INFO Uptodown: found 20 versions for net.qrbot
2026-02-08 14:53:01,506 INFO Uptodown: added 6 unique versions
2026-02-08 14:53:02,892 INFO APKCombo: found 20 versions for net.qrbot
2026-02-08 14:53:03,570 INFO APKMirror uploads URL: https://www.apkmirror.com/apk/google-inc/google-play-store/google-play-store-49-7-20-release/
2026-02-08 14:53:04,208 INFO APKMirror: found 20 versions for net.qrbot
2026-02-08 14:53:04,208 INFO APKMirror: added 20 unique versions
2026-02-08 14:53:04,209 INFO Total unique versions for net.qrbot: 46
2026-02-08 14:53:04,615 INFO HTTP Request: POST https://zbtebwdomihnjwuvabpr.supabase.co/rest/v1/app_versions?on_conflict=app_id%2Cversion_name&columns=%22version_name%22%2C%22source%22%2C%22release_date%22%2C%22apk_url%22%2C%22app_id%22%2C%22apk_size_mb%22 "HTTP/2 201 Created"
2026-02-08 14:53:04,979 INFO APKPure versions URL: https://apkpure.com/whatsapp-android/com.whatsapp/versions
2026-02-08 14:53:05,472 INFO APKPure: found 20 versions for com.whatsapp
2026-02-08 14:53:05,473 INFO APKPure: added 20 unique versions
2026-02-08 14:53:06,095 INFO Uptodown versions URL: https://whatsapp-messenger.en.uptodown.com/android/versions
2026-02-08 14:53:06,552 INFO Uptodown: found 19 versions for com.whatsapp
2026-02-08 14:53:06,553 INFO Uptodown: added 15 unique versions
2026-02-08 14:53:07,735 INFO APKCombo: found 3 versions for com.whatsapp
2026-02-08 14:53:20,307 INFO Total unique versions for com.whatsapp: 35
2026-02-08 14:53:21,078 INFO HTTP Request: POST https://zbtebwdomihnjwuvabpr.supabase.co/rest/v1/app_versions?on_conflict=app_id%2Cversion_name&columns=%22version_name%22%2C%22source%22%2C%22release_date%22%2C%22apk_url%22%2C%22app_id%22%2C%22apk_size_mb%22 "HTTP/2 201 Created"
2026-02-08 14:53:21,733 INFO APKPure versions URL: https://apkpure.com/dhiway-seqr-scanner/com.dhiway.app.seqr/versions
2026-02-08 14:53:22,355 INFO APKPure: found 4 versions for com.dhiway.app.seqr
2026-02-08 14:53:22,356 INFO APKPure: added 4 unique versions
2026-02-08 14:53:23,548 INFO Uptodown versions URL: https://seqr.en.uptodown.com/android/versions
2026-02-08 14:53:23,934 INFO Uptodown: found 2 versions for com.dhiway.app.seqr
2026-02-08 14:53:23,935 INFO Uptodown: added 2 unique versions
2026-02-08 14:53:24,606 INFO APKCombo: found 4 versions for com.dhiway.app.seqr
2026-02-08 14:53:25,676 INFO APKMirror uploads URL: https://www.apkmirror.com/apk/google-inc/google-play-store/google-play-store-49-7-20-release/
2026-02-08 14:53:27,926 INFO APKMirror: found 20 versions for com.dhiway.app.seqr
2026-02-08 14:53:27,927 INFO APKMirror: added 20 unique versions
2026-02-08 14:53:27,927 INFO Total unique versions for com.dhiway.app.seqr: 26
2026-02-08 14:53:28,323 INFO HTTP Request: POST https://zbtebwdomihnjwuvabpr.supabase.co/rest/v1/app_versions?on_conflict=app_id%2Cversion_name&columns=%22version_name%22%2C%22source%22%2C%22release_date%22%2C%22apk_url%22%2C%22app_id%22%2C%22apk_size_mb%22 "HTTP/2 201 Created"
2026-02-08 14:53:28,753 INFO APKPure versions URL: https://apkpure.com/orca-scan-barcode-scanner/com.orcascan.bulkbarcodescanner/versions
2026-02-08 14:53:29,013 INFO APKPure: found 20 versions for com.orcascan.bulkbarcodescanner
2026-02-08 14:53:29,013 INFO APKPure: added 20 unique versions
2026-02-08 14:53:30,295 INFO Uptodown versions URL: https://my.en.uptodown.com/android/versions
2026-02-08 14:53:30,724 INFO Uptodown: found 2 versions for com.orcascan.bulkbarcodescanner
2026-02-08 14:53:30,725 INFO Uptodown: added 2 unique versions
2026-02-08 14:53:32,207 INFO APKCombo: found 20 versions for com.orcascan.bulkbarcodescanner
2026-02-08 14:53:32,820 INFO APKMirror uploads URL: https://www.apkmirror.com/apk/google-inc/google-play-store/google-play-store-49-7-20-release/
2026-02-08 14:53:33,469 INFO APKMirror: found 20 versions for com.orcascan.bulkbarcodescanner
2026-02-08 14:53:33,469 INFO APKMirror: added 20 unique versions
2026-02-08 14:53:33,469 INFO Total unique versions for com.orcascan.bulkbarcodescanner: 42
2026-02-08 14:53:34,024 INFO HTTP Request: POST https://zbtebwdomihnjwuvabpr.supabase.co/rest/v1/app_versions?on_conflict=app_id%2Cversion_name&columns=%22version_name%22%2C%22source%22%2C%22release_date%22%2C%22apk_url%22%2C%22app_id%22%2C%22apk_size_mb%22 "HTTP/2 201 Created"
2026-02-08 14:53:34,432 INFO APKPure versions URL: https://apkpure.com/youtube-2025/com.google.android.youtube/versions
2026-02-08 14:53:35,052 INFO APKPure: found 20 versions for com.google.android.youtube
2026-02-08 14:53:35,053 INFO APKPure: added 20 unique versions
2026-02-08 14:53:35,345 INFO Uptodown versions URL: https://youtube.en.uptodown.com/android/versions
2026-02-08 14:53:35,953 INFO Uptodown: found 20 versions for com.google.android.youtube
2026-02-08 14:53:35,961 INFO Uptodown: added 5 unique versions
2026-02-08 14:53:36,806 INFO APKCombo: found 3 versions for com.google.android.youtube
2026-02-08 14:53:36,807 INFO APKCombo: added 1 unique versions
2026-02-08 14:53:37,781 INFO APKMirror uploads URL: https://www.apkmirror.com/apk/google-inc/youtube/youtube-21-05-265-release/
2026-02-08 14:53:38,243 INFO APKMirror: found 20 versions for com.google.android.youtube
2026-02-08 14:53:38,243 INFO APKMirror: added 14 unique versions
2026-02-08 14:53:38,244 INFO Total unique versions for com.google.android.youtube: 40
2026-02-08 14:53:38,672 INFO HTTP Request: POST https://zbtebwdomihnjwuvabpr.supabase.co/rest/v1/app_versions?on_conflict=app_id%2Cversion_name&columns=%22version_name%22%2C%22source%22%2C%22release_date%22%2C%22apk_url%22%2C%22app_id%22%2C%22apk_size_mb%22 "HTTP/2 201 Created"
2026-02-08 14:53:39,006 INFO APKPure versions URL: https://apkpure.com/facebook-lite-2025/com.facebook.lite/versions
2026-02-08 14:53:39,913 INFO APKPure: found 20 versions for com.facebook.lite
2026-02-08 14:53:39,915 INFO APKPure: added 20 unique versions
2026-02-08 14:53:40,649 INFO Uptodown versions URL: https://facebook-lite.en.uptodown.com/android/versions
2026-02-08 14:53:41,083 INFO Uptodown: found 10 versions for com.facebook.lite
2026-02-08 14:53:41,083 INFO Uptodown: added 6 unique versions
2026-02-08 14:53:41,701 INFO APKCombo: found 3 versions for com.facebook.lite
2026-02-08 14:53:54,359 INFO Total unique versions for com.facebook.lite: 26
2026-02-08 14:53:55,119 INFO HTTP Request: POST https://zbtebwdomihnjwuvabpr.supabase.co/rest/v1/app_versions?on_conflict=app_id%2Cversion_name&columns=%22version_name%22%2C%22source%22%2C%22release_date%22%2C%22apk_url%22%2C%22app_id%22%2C%22apk_size_mb%22 "HTTP/2 201 Created"
2026-02-08 14:53:55,526 INFO APKPure versions URL: https://apkpure.com/gmail/com.google.android.gm/versions
2026-02-08 14:53:55,833 INFO APKPure: found 20 versions for com.google.android.gm
2026-02-08 14:53:55,833 INFO APKPure: added 20 unique versions
2026-02-08 14:53:56,588 INFO Uptodown versions URL: https://gmail.en.uptodown.com/android/versions
2026-02-08 14:53:57,052 INFO Uptodown: found 20 versions for com.google.android.gm
2026-02-08 14:53:57,052 INFO Uptodown: added 5 unique versions
2026-02-08 14:53:57,676 INFO APKCombo: found 3 versions for com.google.android.gm
2026-02-08 14:53:59,142 INFO APKMirror uploads URL: https://www.apkmirror.com/apk/google-inc/gmail/gmail-2026-02-02-865570536-release-release/
2026-02-08 14:54:01,339 INFO APKMirror: found 20 versions for com.google.android.gm
2026-02-08 14:54:01,340 INFO APKMirror: added 10 unique versions
2026-02-08 14:54:01,340 INFO Total unique versions for com.google.android.gm: 35
2026-02-08 14:54:02,026 INFO HTTP Request: POST https://zbtebwdomihnjwuvabpr.supabase.co/rest/v1/app_versions?on_conflict=app_id%2Cversion_name&columns=%22version_name%22%2C%22source%22%2C%22release_date%22%2C%22apk_url%22%2C%22app_id%22%2C%22apk_size_mb%22 "HTTP/2 201 Created"
2026-02-08 14:54:02,502 INFO APKPure versions URL: https://apkpure.com/me-qr-qr-code-generator/com.meqr/versions
2026-02-08 14:54:02,770 INFO APKPure: found 20 versions for com.meqr
2026-02-08 14:54:02,770 INFO APKPure: added 20 unique versions
2026-02-08 14:54:04,094 INFO Uptodown: page not found for com.meqr
2026-02-08 14:54:05,269 INFO APKCombo: found 20 versions for com.meqr
2026-02-08 14:54:05,270 INFO APKCombo: added 1 unique versions
2026-02-08 14:54:06,006 INFO APKMirror uploads URL: https://www.apkmirror.com/apk/google-inc/google-play-store/google-play-store-49-7-20-release/
2026-02-08 14:54:06,652 INFO APKMirror: found 20 versions for com.meqr
2026-02-08 14:54:06,652 INFO APKMirror: added 20 unique versions
2026-02-08 14:54:06,653 INFO Total unique versions for com.meqr: 41
2026-02-08 14:54:07,103 INFO HTTP Request: POST https://zbtebwdomihnjwuvabpr.supabase.co/rest/v1/app_versions?on_conflict=app_id%2Cversion_name&columns=%22version_name%22%2C%22source%22%2C%22release_date%22%2C%22apk_url%22%2C%22app_id%22%2C%22apk_size_mb%22 "HTTP/2 201 Created"
2026-02-08 14:54:07,622 INFO APKPure versions URL: https://apkpure.com/zalopay-qu%C3%A9t-m%E1%BB%8Di-qr/vn.com.vng.zalopay/versions
2026-02-08 14:54:07,943 INFO APKPure: found 20 versions for vn.com.vng.zalopay
2026-02-08 14:54:07,944 INFO APKPure: added 20 unique versions
2026-02-08 14:54:09,706 INFO Uptodown versions URL: https://zalopay.en.uptodown.com/android/versions
2026-02-08 14:54:10,171 INFO Uptodown: found 20 versions for vn.com.vng.zalopay
2026-02-08 14:54:10,172 INFO Uptodown: added 1 unique versions
2026-02-08 14:54:41,248 INFO APKCombo: page not found for vn.com.vng.zalopay
2026-02-08 14:54:42,184 INFO APKMirror uploads URL: https://www.apkmirror.com/apk/zion-joint-stock-company-2/zalopay-cham-la-thanh-toan/zalopay-cham-la-thanh-toan-11-1-0-release/
2026-02-08 14:54:43,288 INFO APKMirror: found 20 versions for vn.com.vng.zalopay
2026-02-08 14:54:43,288 INFO APKMirror: added 10 unique versions
2026-02-08 14:54:43,288 INFO Total unique versions for vn.com.vng.zalopay: 31
2026-02-08 14:54:43,743 INFO HTTP Request: POST https://zbtebwdomihnjwuvabpr.supabase.co/rest/v1/app_versions?on_conflict=app_id%2Cversion_name&columns=%22version_name%22%2C%22source%22%2C%22release_date%22%2C%22apk_url%22%2C%22app_id%22%2C%22apk_size_mb%22 "HTTP/2 201 Created"
2026-02-08 14:54:44,239 INFO APKPure versions URL: https://apkpure.com/vneid/com.vnid/versions
2026-02-08 14:54:44,668 INFO APKPure: found 20 versions for com.vnid
2026-02-08 14:54:44,668 INFO APKPure: added 20 unique versions
2026-02-08 14:54:45,785 INFO Uptodown versions URL: https://vneid.en.uptodown.com/android/versions
2026-02-08 14:54:46,231 INFO Uptodown: found 20 versions for com.vnid
2026-02-08 14:54:46,232 INFO Uptodown: added 3 unique versions
2026-02-08 14:54:47,100 INFO APKCombo: found 20 versions for com.vnid
2026-02-08 14:54:48,085 INFO APKMirror uploads URL: https://www.apkmirror.com/apk/trung-tam-du-lieu-quoc-gia-ve-dan-cu/vneid/vneid-2-2-5-release/
2026-02-08 14:54:49,055 INFO APKMirror: found 20 versions for com.vnid
2026-02-08 14:54:49,063 INFO APKMirror: added 10 unique versions
2026-02-08 14:54:49,063 INFO Total unique versions for com.vnid: 33
2026-02-08 14:54:49,518 INFO HTTP Request: POST https://zbtebwdomihnjwuvabpr.supabase.co/rest/v1/app_versions?on_conflict=app_id%2Cversion_name&columns=%22version_name%22%2C%22source%22%2C%22release_date%22%2C%22apk_url%22%2C%22app_id%22%2C%22apk_size_mb%22 "HTTP/2 201 Created"
2026-02-08 14:54:49,967 INFO APKPure versions URL: https://apkpure.com/zalo/com.zing.zalo/versions
2026-02-08 14:54:50,284 INFO APKPure: found 20 versions for com.zing.zalo
2026-02-08 14:54:50,284 INFO APKPure: added 20 unique versions
2026-02-08 14:54:50,948 INFO Uptodown versions URL: https://zalo.en.uptodown.com/android/versions
2026-02-08 14:54:51,361 INFO Uptodown: found 16 versions for com.zing.zalo
2026-02-08 14:54:51,362 INFO Uptodown: added 4 unique versions
2026-02-08 14:54:52,159 INFO APKCombo: found 2 versions for com.zing.zalo
2026-02-08 14:54:52,160 INFO APKCombo: added 2 unique versions
2026-02-08 14:54:52,998 INFO APKMirror uploads URL: https://www.apkmirror.com/apk/zalo-group/zalo/zalo-26-02-01-release/
2026-02-08 14:54:54,079 INFO APKMirror: found 20 versions for com.zing.zalo
2026-02-08 14:54:54,080 INFO APKMirror: added 11 unique versions
2026-02-08 14:54:54,080 INFO Total unique versions for com.zing.zalo: 37
2026-02-08 14:54:54,531 INFO HTTP Request: POST https://zbtebwdomihnjwuvabpr.supabase.co/rest/v1/app_versions?on_conflict=app_id%2Cversion_name&columns=%22version_name%22%2C%22source%22%2C%22release_date%22%2C%22apk_url%22%2C%22app_id%22%2C%22apk_size_mb%22 "HTTP/2 201 Created"
2026-02-08 14:54:55,195 INFO APKPure versions URL: https://apkpure.com/facebook-messenger/com.facebook.orca/versions
2026-02-08 14:54:55,937 INFO APKPure: found 20 versions for com.facebook.orca
2026-02-08 14:54:55,937 INFO APKPure: added 20 unique versions
2026-02-08 14:54:56,244 INFO Uptodown versions URL: https://facebook-messenger.en.uptodown.com/android/versions
2026-02-08 14:54:56,667 INFO Uptodown: found 9 versions for com.facebook.orca
2026-02-08 14:54:56,668 INFO Uptodown: added 9 unique versions
2026-02-08 14:54:58,898 INFO APKCombo: found 3 versions for com.facebook.orca
2026-02-08 14:55:00,088 INFO APKMirror uploads URL: https://www.apkmirror.com/apk/facebook-2/messenger/facebook-messenger-547-0-0-44-68-release/
2026-02-08 14:55:12,749 INFO Total unique versions for com.facebook.orca: 29
2026-02-08 14:55:13,164 INFO HTTP Request: POST https://zbtebwdomihnjwuvabpr.supabase.co/rest/v1/app_versions?on_conflict=app_id%2Cversion_name&columns=%22version_name%22%2C%22source%22%2C%22release_date%22%2C%22apk_url%22%2C%22app_id%22%2C%22apk_size_mb%22 "HTTP/2 201 Created"
2026-02-08 14:55:13,666 INFO APKPure versions URL: https://apkpure.com/cloud-video-photo-storage/ru.mail.cloud/versions
2026-02-08 14:55:13,953 INFO APKPure: found 20 versions for ru.mail.cloud
2026-02-08 14:55:13,953 INFO APKPure: added 20 unique versions
2026-02-08 14:55:14,635 INFO Uptodown versions URL: https://ru.en.uptodown.com/android/versions
2026-02-08 14:55:15,078 INFO Uptodown: found 0 versions for ru.mail.cloud
2026-02-08 14:55:19,228 INFO APKCombo: found 20 versions for ru.mail.cloud
2026-02-08 14:55:21,136 INFO APKMirror uploads URL: https://www.apkmirror.com/apk/google-inc/google-play-store/google-play-store-49-7-20-release/
2026-02-08 14:55:21,797 INFO APKMirror: found 20 versions for ru.mail.cloud
2026-02-08 14:55:21,797 INFO APKMirror: added 20 unique versions
2026-02-08 14:55:21,798 INFO Total unique versions for ru.mail.cloud: 40
2026-02-08 14:55:22,269 INFO HTTP Request: POST https://zbtebwdomihnjwuvabpr.supabase.co/rest/v1/app_versions?on_conflict=app_id%2Cversion_name&columns=%22version_name%22%2C%22source%22%2C%22release_date%22%2C%22apk_url%22%2C%22app_id%22%2C%22apk_size_mb%22 "HTTP/2 201 Created"
2026-02-08 14:55:22,603 INFO APKPure versions URL: https://apkpure.com/total-drive-cloud-storage/com.totaldrive.my.ts/versions
2026-02-08 14:55:22,818 INFO APKPure: found 11 versions for com.totaldrive.my.ts
2026-02-08 14:55:22,819 INFO APKPure: added 11 unique versions
2026-02-08 14:55:24,561 INFO Uptodown versions URL: https://total.en.uptodown.com/android/versions
2026-02-08 14:55:25,014 INFO Uptodown: found 0 versions for com.totaldrive.my.ts
2026-02-08 14:55:26,163 INFO APKCombo: found 11 versions for com.totaldrive.my.ts
2026-02-08 14:55:26,750 INFO APKMirror uploads URL: https://www.apkmirror.com/apk/google-inc/google-play-store/google-play-store-49-7-20-release/
2026-02-08 14:55:27,304 INFO APKMirror: found 20 versions for com.totaldrive.my.ts
2026-02-08 14:55:27,304 INFO APKMirror: added 20 unique versions
2026-02-08 14:55:27,305 INFO Total unique versions for com.totaldrive.my.ts: 31
2026-02-08 14:55:27,770 INFO HTTP Request: POST https://zbtebwdomihnjwuvabpr.supabase.co/rest/v1/app_versions?on_conflict=app_id%2Cversion_name&columns=%22version_name%22%2C%22source%22%2C%22release_date%22%2C%22apk_url%22%2C%22app_id%22%2C%22apk_size_mb%22 "HTTP/2 201 Created"
2026-02-08 14:55:28,077 INFO APKPure versions URL: https://apkpure.com/proton-drive-cloud-storage/me.proton.android.drive/versions
2026-02-08 14:55:28,364 INFO APKPure: found 20 versions for me.proton.android.drive
2026-02-08 14:55:28,364 INFO APKPure: added 20 unique versions
2026-02-08 14:55:29,003 INFO Uptodown versions URL: https://me.en.uptodown.com/android/versions
2026-02-08 14:55:29,578 INFO Uptodown: found 20 versions for me.proton.android.drive
2026-02-08 14:55:29,579 INFO Uptodown: added 20 unique versions
2026-02-08 14:55:30,411 INFO APKCombo: found 20 versions for me.proton.android.drive
2026-02-08 14:55:31,623 INFO APKMirror uploads URL: https://www.apkmirror.com/apk/proton-technologies-ag/proton-drive-cloud-storage/proton-drive-cloud-storage-2-32-0-release/
2026-02-08 14:55:41,229 INFO Total unique versions for me.proton.android.drive: 40
2026-02-08 14:55:41,746 INFO HTTP Request: POST https://zbtebwdomihnjwuvabpr.supabase.co/rest/v1/app_versions?on_conflict=app_id%2Cversion_name&columns=%22version_name%22%2C%22source%22%2C%22release_date%22%2C%22apk_url%22%2C%22app_id%22%2C%22apk_size_mb%22 "HTTP/2 201 Created"
2026-02-08 14:55:42,298 INFO APKPure versions URL: https://apkpure.com/cloudike/com.cloudike.cloudike/versions
2026-02-08 14:55:42,484 INFO APKPure: found 16 versions for com.cloudike.cloudike
2026-02-08 14:55:42,484 INFO APKPure: added 16 unique versions
2026-02-08 14:55:44,930 INFO Uptodown versions URL: https://cloudike.en.uptodown.com/android/versions
2026-02-08 14:55:45,373 INFO Uptodown: found 0 versions for com.cloudike.cloudike
2026-02-08 14:55:46,234 INFO APKCombo: found 16 versions for com.cloudike.cloudike
2026-02-08 14:55:47,048 INFO APKMirror uploads URL: https://www.apkmirror.com/apk/google-inc/google-play-store/google-play-store-49-7-20-release/
2026-02-08 14:55:56,643 INFO Total unique versions for com.cloudike.cloudike: 16
2026-02-08 14:55:57,070 INFO HTTP Request: POST https://zbtebwdomihnjwuvabpr.supabase.co/rest/v1/app_versions?on_conflict=app_id%2Cversion_name&columns=%22version_name%22%2C%22source%22%2C%22release_date%22%2C%22apk_url%22%2C%22app_id%22%2C%22apk_size_mb%22 "HTTP/2 201 Created"
2026-02-08 14:55:57,300 INFO APKPure versions URL: https://apkpure.com/qr-barcode-scanner-app/com.gamma.scan/versions
2026-02-08 14:55:57,584 INFO APKPure: found 20 versions for com.gamma.scan
2026-02-08 14:55:57,584 INFO APKPure: added 20 unique versions
2026-02-08 14:55:59,499 INFO Uptodown versions URL: https://scan.en.uptodown.com/android/versions
2026-02-08 14:55:59,960 INFO Uptodown: found 12 versions for com.gamma.scan
2026-02-08 14:55:59,961 INFO Uptodown: added 12 unique versions
2026-02-08 14:56:01,394 INFO APKCombo: found 3 versions for com.gamma.scan
2026-02-08 14:56:02,324 INFO APKMirror uploads URL: https://www.apkmirror.com/apk/google-inc/google-play-store/google-play-store-49-7-20-release/
2026-02-08 14:56:11,944 INFO Total unique versions for com.gamma.scan: 32
2026-02-08 14:56:12,432 INFO HTTP Request: POST https://zbtebwdomihnjwuvabpr.supabase.co/rest/v1/app_versions?on_conflict=app_id%2Cversion_name&columns=%22version_name%22%2C%22source%22%2C%22release_date%22%2C%22apk_url%22%2C%22app_id%22%2C%22apk_size_mb%22 "HTTP/2 201 Created"
2026-02-08 14:56:12,835 INFO APKPure versions URL: https://apkpure.com/google-lens/com.google.ar.lens/versions
2026-02-08 14:56:13,061 INFO APKPure: found 20 versions for com.google.ar.lens
2026-02-08 14:56:13,061 INFO APKPure: added 20 unique versions
2026-02-08 14:56:14,213 INFO Uptodown versions URL: https://ar.en.uptodown.com/android/versions
2026-02-08 14:56:14,719 INFO Uptodown: found 0 versions for com.google.ar.lens
2026-02-08 14:56:16,149 INFO APKCombo: found 3 versions for com.google.ar.lens
2026-02-08 14:56:16,149 INFO APKCombo: added 1 unique versions
2026-02-08 14:56:16,767 INFO APKMirror uploads URL: https://www.apkmirror.com/apk/google-inc/google-play-store/google-play-store-49-7-20-release/
2026-02-08 14:56:26,314 INFO Total unique versions for com.google.ar.lens: 21
2026-02-08 14:56:26,769 INFO HTTP Request: POST https://zbtebwdomihnjwuvabpr.supabase.co/rest/v1/app_versions?on_conflict=app_id%2Cversion_name&columns=%22version_name%22%2C%22source%22%2C%22release_date%22%2C%22apk_url%22%2C%22app_id%22%2C%22apk_size_mb%22 "HTTP/2 201 Created"
2026-02-08 14:56:27,362 INFO APKPure versions URL: https://apkpure.com/zing-mp3/com.zing.mp3/versions
2026-02-08 14:56:27,789 INFO APKPure: found 20 versions for com.zing.mp3
2026-02-08 14:56:27,795 INFO APKPure: added 20 unique versions
2026-02-08 14:56:28,416 INFO Uptodown versions URL: https://zing.en.uptodown.com/android/versions
2026-02-08 14:56:28,893 INFO Uptodown: found 0 versions for com.zing.mp3
2026-02-08 14:56:29,715 INFO APKCombo: found 1 versions for com.zing.mp3
2026-02-08 14:56:30,649 INFO APKMirror uploads URL: https://www.apkmirror.com/apk/zalo-group/zing-mp3-2/zing-mp3-25-12-02-release/
2026-02-08 14:56:40,211 INFO Total unique versions for com.zing.mp3: 20
2026-02-08 14:56:40,693 INFO HTTP Request: POST https://zbtebwdomihnjwuvabpr.supabase.co/rest/v1/app_versions?on_conflict=app_id%2Cversion_name&columns=%22version_name%22%2C%22source%22%2C%22release_date%22%2C%22apk_url%22%2C%22app_id%22%2C%22apk_size_mb%22 "HTTP/2 201 Created"
2026-02-08 14:56:40,941 INFO APKPure versions URL: https://apkpure.com/search?q=com.mservice.momotransfer/versions
2026-02-08 14:56:42,327 INFO APKPure: found 0 versions for com.mservice.momotransfer
2026-02-08 14:56:42,943 INFO Uptodown versions URL: https://mservice.en.uptodown.com/android/versions
2026-02-08 14:56:43,439 INFO Uptodown: found 0 versions for com.mservice.momotransfer
2026-02-08 14:57:14,779 INFO APKCombo: page not found for com.mservice.momotransfer
2026-02-08 14:57:15,844 INFO APKMirror uploads URL: https://www.apkmirror.com/apk/m_service-jsc/momo-tro-thu-tai-chinh-voi-ai-wear-os/momo-tro-thu-tai-chinh-voi-ai-wear-os-1-0-1-release/
2026-02-08 14:57:25,519 INFO Total unique versions for com.mservice.momotransfer: 0
2026-02-08 14:57:25,851 INFO APKPure versions URL: https://apkpure.com/%C4%91%E1%BA%A5u-tr%C6%B0%E1%BB%9Dng-t%C3%A0i-ch%C3%ADnh/com.mbmobile.arena/versions
2026-02-08 14:57:25,989 INFO APKPure: found 1 versions for com.mbmobile
2026-02-08 14:57:25,990 INFO APKPure: added 1 unique versions
2026-02-08 14:57:27,422 INFO Uptodown versions URL: https://mb.en.uptodown.com/android/versions
2026-02-08 14:57:27,861 INFO Uptodown: found 0 versions for com.mbmobile
2026-02-08 14:57:58,931 INFO APKCombo: page not found for com.mbmobile
2026-02-08 14:57:59,999 INFO APKMirror uploads URL: https://www.apkmirror.com/apk/mbank-s-a/mbank-pl/mbank-pl-twoj-bank-i-finanse-3-110-0-release/
2026-02-08 14:58:09,508 INFO Total unique versions for com.mbmobile: 1
2026-02-08 14:58:10,085 INFO HTTP Request: POST https://zbtebwdomihnjwuvabpr.supabase.co/rest/v1/app_versions?on_conflict=app_id%2Cversion_name&columns=%22version_name%22%2C%22source%22%2C%22release_date%22%2C%22apk_url%22%2C%22app_id%22%2C%22apk_size_mb%22 "HTTP/2 201 Created"
2026-02-08 14:58:10,440 INFO APKPure versions URL: https://apkpure.com/line-calls-messages/jp.naver.line.android/versions
2026-02-08 14:58:10,902 INFO APKPure: found 20 versions for jp.naver.line.android
2026-02-08 14:58:10,907 INFO APKPure: added 20 unique versions
2026-02-08 14:58:11,590 INFO Uptodown versions URL: https://jp.en.uptodown.com/android/versions
2026-02-08 14:58:12,003 INFO Uptodown: found 0 versions for jp.naver.line.android
2026-02-08 14:58:13,414 INFO APKCombo: found 3 versions for jp.naver.line.android
2026-02-08 14:58:13,414 INFO APKCombo: added 3 unique versions
2026-02-08 14:58:14,588 INFO APKMirror uploads URL: https://www.apkmirror.com/apk/google-inc/google-play-store/google-play-store-49-7-20-release/
2026-02-08 14:58:24,238 INFO Total unique versions for jp.naver.line.android: 23
2026-02-08 14:58:24,771 INFO HTTP Request: POST https://zbtebwdomihnjwuvabpr.supabase.co/rest/v1/app_versions?on_conflict=app_id%2Cversion_name&columns=%22version_name%22%2C%22source%22%2C%22release_date%22%2C%22apk_url%22%2C%22app_id%22%2C%22apk_size_mb%22 "HTTP/2 201 Created"
2026-02-08 14:58:25,143 INFO APKPure versions URL: https://apkpure.com/signal-private-messenger/org.thoughtcrime.securesms/versions
2026-02-08 14:58:25,496 INFO APKPure: found 20 versions for org.thoughtcrime.securesms
2026-02-08 14:58:25,496 INFO APKPure: added 20 unique versions
2026-02-08 14:58:26,825 INFO Uptodown versions URL: https://signal.en.uptodown.com/android/versions
2026-02-08 14:58:27,361 INFO Uptodown: found 0 versions for org.thoughtcrime.securesms
2026-02-08 14:58:28,795 INFO APKCombo: found 3 versions for org.thoughtcrime.securesms
2026-02-08 14:58:28,796 INFO APKCombo: added 2 unique versions
2026-02-08 14:58:29,772 INFO APKMirror uploads URL: https://www.apkmirror.com/apk/google-inc/google-play-store/google-play-store-49-7-20-release/
2026-02-08 14:58:39,391 INFO Total unique versions for org.thoughtcrime.securesms: 22
2026-02-08 14:58:39,898 INFO HTTP Request: POST https://zbtebwdomihnjwuvabpr.supabase.co/rest/v1/app_versions?on_conflict=app_id%2Cversion_name&columns=%22version_name%22%2C%22source%22%2C%22release_date%22%2C%22apk_url%22%2C%22app_id%22%2C%22apk_size_mb%22 "HTTP/2 201 Created"
2026-02-08 14:58:40,189 INFO APKPure versions URL: https://apkpure.com/zoom-for-chromebook/us.zoom.pwa.twa/versions
2026-02-08 14:58:40,365 INFO APKPure: found 2 versions for us.zoom.pwa.twa
2026-02-08 14:58:40,365 INFO APKPure: added 2 unique versions
2026-02-08 14:58:41,144 INFO Uptodown versions URL: https://us.en.uptodown.com/android/versions
2026-02-08 14:58:41,566 INFO Uptodown: found 2 versions for us.zoom.pwa.twa
2026-02-08 14:58:41,566 INFO Uptodown: added 2 unique versions
2026-02-08 14:59:13,211 INFO APKCombo: page not found for us.zoom.pwa.twa
2026-02-08 14:59:13,978 INFO APKMirror uploads URL: https://www.apkmirror.com/apk/google-inc/google-play-store/google-play-store-49-7-20-release/
2026-02-08 14:59:23,597 INFO Total unique versions for us.zoom.pwa.twa: 4
2026-02-08 14:59:24,295 INFO HTTP Request: POST https://zbtebwdomihnjwuvabpr.supabase.co/rest/v1/app_versions?on_conflict=app_id%2Cversion_name&columns=%22version_name%22%2C%22source%22%2C%22release_date%22%2C%22apk_url%22%2C%22app_id%22%2C%22apk_size_mb%22 "HTTP/2 201 Created"
2026-02-08 14:59:24,571 INFO APKPure versions URL: https://apkpure.com/search?q=us.zoom.tv/versions
2026-02-08 14:59:25,677 INFO APKPure: found 0 versions for us.zoom.tv
2026-02-08 14:59:25,733 INFO Uptodown versions URL: https://us.en.uptodown.com/android/versions
2026-02-08 14:59:25,806 INFO Uptodown: found 2 versions for us.zoom.tv
2026-02-08 14:59:25,806 INFO Uptodown: added 2 unique versions
2026-02-08 14:59:56,859 INFO APKCombo: page not found for us.zoom.tv
2026-02-08 14:59:57,781 INFO APKMirror uploads URL: https://www.apkmirror.com/apk/google-inc/google-play-store/google-play-store-49-7-20-release/
2026-02-08 15:00:07,364 INFO Total unique versions for us.zoom.tv: 2
2026-02-08 15:00:07,802 INFO HTTP Request: POST https://zbtebwdomihnjwuvabpr.supabase.co/rest/v1/app_versions?on_conflict=app_id%2Cversion_name&columns=%22version_name%22%2C%22source%22%2C%22release_date%22%2C%22apk_url%22%2C%22app_id%22%2C%22apk_size_mb%22 "HTTP/2 201 Created"
2026-02-08 15:00:08,283 INFO APKPure versions URL: https://apkpure.com/zoom-rooms-controller/us.zoom.zrc/versions
2026-02-08 15:00:08,587 INFO APKPure: found 20 versions for us.zoom.zrc
2026-02-08 15:00:08,588 INFO APKPure: added 20 unique versions
2026-02-08 15:00:08,644 INFO Uptodown versions URL: https://us.en.uptodown.com/android/versions
2026-02-08 15:00:08,728 INFO Uptodown: found 2 versions for us.zoom.zrc
2026-02-08 15:00:08,729 INFO Uptodown: added 2 unique versions
2026-02-08 15:00:09,542 INFO APKCombo: found 20 versions for us.zoom.zrc
2026-02-08 15:00:10,301 INFO APKMirror uploads URL: https://www.apkmirror.com/apk/google-inc/google-play-store/google-play-store-49-7-20-release/
2026-02-08 15:00:19,879 INFO Total unique versions for us.zoom.zrc: 22
2026-02-08 15:00:20,349 INFO HTTP Request: POST https://zbtebwdomihnjwuvabpr.supabase.co/rest/v1/app_versions?on_conflict=app_id%2Cversion_name&columns=%22version_name%22%2C%22source%22%2C%22release_date%22%2C%22apk_url%22%2C%22app_id%22%2C%22apk_size_mb%22 "HTTP/2 201 Created"
2026-02-08 15:00:20,729 INFO APKPure versions URL: https://apkpure.com/zoom-workplace-for-intune/us.zoom.videomeetings4intune/versions
2026-02-08 15:00:21,038 INFO APKPure: found 20 versions for us.zoom.videomeetings4intune
2026-02-08 15:00:21,038 INFO APKPure: added 20 unique versions
2026-02-08 15:00:21,093 INFO Uptodown versions URL: https://us.en.uptodown.com/android/versions
2026-02-08 15:00:21,167 INFO Uptodown: found 2 versions for us.zoom.videomeetings4intune
2026-02-08 15:00:21,167 INFO Uptodown: added 2 unique versions
2026-02-08 15:00:22,057 INFO APKCombo: found 20 versions for us.zoom.videomeetings4intune
2026-02-08 15:00:22,903 INFO APKMirror uploads URL: https://www.apkmirror.com/apk/google-inc/google-play-store/google-play-store-49-7-20-release/
2026-02-08 15:00:25,274 INFO APKMirror: found 20 versions for us.zoom.videomeetings4intune
2026-02-08 15:00:25,275 INFO APKMirror: added 20 unique versions
2026-02-08 15:00:25,275 INFO Total unique versions for us.zoom.videomeetings4intune: 42
2026-02-08 15:00:25,769 INFO HTTP Request: POST https://zbtebwdomihnjwuvabpr.supabase.co/rest/v1/app_versions?on_conflict=app_id%2Cversion_name&columns=%22version_name%22%2C%22source%22%2C%22release_date%22%2C%22apk_url%22%2C%22app_id%22%2C%22apk_size_mb%22 "HTTP/2 201 Created"
2026-02-08 15:00:26,185 INFO APKPure versions URL: https://apkpure.com/search?q=us.zoom.videomeetingsforgood/versions
2026-02-08 15:00:27,044 INFO APKPure: found 0 versions for us.zoom.videomeetingsforgood
2026-02-08 15:00:27,100 INFO Uptodown versions URL: https://us.en.uptodown.com/android/versions
2026-02-08 15:00:27,199 INFO Uptodown: found 2 versions for us.zoom.videomeetingsforgood
2026-02-08 15:00:27,199 INFO Uptodown: added 2 unique versions
2026-02-08 15:00:58,463 INFO APKCombo: page not found for us.zoom.videomeetingsforgood
2026-02-08 15:01:10,979 INFO Total unique versions for us.zoom.videomeetingsforgood: 2
2026-02-08 15:01:11,581 INFO HTTP Request: POST https://zbtebwdomihnjwuvabpr.supabase.co/rest/v1/app_versions?on_conflict=app_id%2Cversion_name&columns=%22version_name%22%2C%22source%22%2C%22release_date%22%2C%22apk_url%22%2C%22app_id%22%2C%22apk_size_mb%22 "HTTP/2 201 Created"
2026-02-08 15:01:11,843 INFO APKPure versions URL: https://apkpure.com/google-meet/com.google.android.apps.tachyon/versions
2026-02-08 15:01:12,133 INFO APKPure: found 20 versions for com.google.android.apps.tachyon
2026-02-08 15:01:12,134 INFO APKPure: added 20 unique versions
2026-02-08 15:01:12,391 INFO Uptodown versions URL: https://apps.en.uptodown.com/android/versions
2026-02-08 15:01:12,790 INFO Uptodown: found 3 versions for com.google.android.apps.tachyon
2026-02-08 15:01:12,791 INFO Uptodown: added 3 unique versions
2026-02-08 15:01:14,331 INFO APKCombo: found 3 versions for com.google.android.apps.tachyon
2026-02-08 15:01:16,483 INFO APKMirror uploads URL: https://www.apkmirror.com/apk/google-inc/duo-by-google/google-meet-formerly-google-duo-345-0-864223971-public_beta-duo-android_20260202-01_p0-release/
2026-02-08 15:01:17,929 INFO APKMirror: found 20 versions for com.google.android.apps.tachyon
2026-02-08 15:01:17,929 INFO APKMirror: added 16 unique versions
2026-02-08 15:01:17,930 INFO Total unique versions for com.google.android.apps.tachyon: 39
2026-02-08 15:01:18,298 INFO HTTP Request: POST https://zbtebwdomihnjwuvabpr.supabase.co/rest/v1/app_versions?on_conflict=app_id%2Cversion_name&columns=%22version_name%22%2C%22source%22%2C%22release_date%22%2C%22apk_url%22%2C%22app_id%22%2C%22apk_size_mb%22 "HTTP/2 201 Created"
Crawling old versions for 621 apps (limit=20 per app)...

[1/621] Meta Business Suite (com.facebook.pages.app)
  Found 20 versions
    - v547.0.0.41.68 (uptodown)
    - v545.0.0.43.63 (uptodown)
    - v544.0.0.42.272 (uptodown)
    ... and 17 more
Supabase: saved 20 versions for com.facebook.pages.app

[2/621] Messenger Kids – The Messaging (com.facebook.talk)
  Found 20 versions
    - v547.0.0.41.68 (uptodown)
    - v545.0.0.43.63 (uptodown)
    - v544.0.0.42.272 (uptodown)
    ... and 17 more
Supabase: saved 20 versions for com.facebook.talk

[3/621] Instagram (com.instagram.android)
  Found 20 versions
    - v415.0.0.36.76 (apkpure)
    - v414.0.0.40.83 (apkpure)
    - v413.0.0.41.84 (apkpure)
    ... and 17 more
Supabase: saved 20 versions for com.instagram.android

[4/621] Telegram (org.telegram.messenger)
  Found 20 versions
    - v49.9.19 (apkmirror)
    - v49.8.20 (apkmirror)
    - v49.7.20 (apkmirror)
    ... and 17 more
Supabase: saved 20 versions for org.telegram.messenger

[5/621] Máy quét mã QR Không quảng cáo (qr.code.scanner.qr.code.reader)
  Found 20 versions
    - v50.0.19 (apkmirror)
    - v49.9.19 (apkmirror)
    - v49.9.15 (apkmirror)
    ... and 17 more
Supabase: saved 20 versions for qr.code.scanner.qr.code.reader

[6/621] Quet Mã QR & Máy Quét Mã Vạch (qrcodescanner.barcodescanner.qrscanner.qrcodereader)
  Found 20 versions
    - v50.0.19 (apkmirror)
    - v49.9.19 (apkmirror)
    - v49.9.15 (apkmirror)
    ... and 17 more
Supabase: saved 20 versions for qrcodescanner.barcodescanner.qrscanner.qrcodereader

[7/621] Facebook (com.facebook.katana)
  Found 20 versions
    - v547.0.0.41.68 (apkpure)
    - v546.0.0.42.66 (apkpure)
    - v545.0.0.43.63 (apkpure)
    ... and 17 more
Supabase: saved 20 versions for com.facebook.katana

[8/621] CamScanner - Máy quét PDF (com.intsig.camscanner)
  Found 20 versions
    - v50.0.19 (apkmirror)
    - v49.9.19 (apkmirror)
    - v49.9.15 (apkmirror)
    ... and 17 more
Supabase: saved 20 versions for com.intsig.camscanner

[9/621] QRbot: Máy quét mã QR (net.qrbot)
  Found 20 versions
    - v50.0.19 (apkmirror)
    - v49.9.19 (apkmirror)
    - v49.9.15 (apkmirror)
    ... and 17 more
Supabase: saved 20 versions for net.qrbot

[10/621] WhatsApp Messenger (com.whatsapp)
  Found 20 versions
    - v2.26.4.86 (uptodown)
    - v2.26.4.85 (apkpure)
    - v2.26.4.70 (uptodown)
    ... and 17 more
Supabase: saved 20 versions for com.whatsapp

[11/621] Dhiway SEQR Scanner (com.dhiway.app.seqr)
  Found 20 versions
    - v50.0.19 (apkmirror)
    - v49.9.19 (apkmirror)
    - v49.9.15 (apkmirror)
    ... and 17 more
Supabase: saved 20 versions for com.dhiway.app.seqr

[12/621] Máy Quét Mã Vạch - Orca Scan (com.orcascan.bulkbarcodescanner)
  Found 20 versions
    - v50.0.19 (apkmirror)
    - v49.9.19 (apkmirror)
    - v49.9.15 (apkmirror)
    ... and 17 more
Supabase: saved 20 versions for com.orcascan.bulkbarcodescanner

[13/621] YouTube (com.google.android.youtube)
  Found 20 versions
    - v49.9.19 (apkmirror)
    - v49.8.20 (apkmirror)
    - v49.7.20 (apkmirror)
    ... and 17 more
Supabase: saved 20 versions for com.google.android.youtube

[14/621] Facebook Lite (com.facebook.lite)
  Found 20 versions
    - v499.0.0.0.2 (apkpure)
    - v498.0.0.7.105 (uptodown)
    - v498.0.0.1.105 (uptodown)
    ... and 17 more
Supabase: saved 20 versions for com.facebook.lite

[15/621] Gmail (com.google.android.gm)
  Found 20 versions
    - v2026.02.02.865570536 (uptodown)
    - v2026.01.26.864613522 (apkpure)
    - v2026.01.26.862970449 (apkpure)
    ... and 17 more
Supabase: saved 20 versions for com.google.android.gm

[16/621] ME-QR: Ứng dụng tạo mã QR (com.meqr)
  Found 20 versions
    - v50.0.19 (apkmirror)
    - v49.9.19 (apkmirror)
    - v49.9.15 (apkmirror)
    ... and 17 more
Supabase: saved 20 versions for com.meqr

[17/621] Zalopay - Quét Mọi QR (vn.com.vng.zalopay)
  Found 20 versions
    - v49.9.19 (apkmirror)
    - v49.8.20 (apkmirror)
    - v49.7.20 (apkmirror)
    ... and 17 more
Supabase: saved 20 versions for vn.com.vng.zalopay

[18/621] VNeID (com.vnid)
  Found 20 versions
    - v49.9.19 (apkmirror)
    - v49.8.20 (apkmirror)
    - v49.7.20 (apkmirror)
    ... and 17 more
Supabase: saved 20 versions for com.vnid

[19/621] Zalo (com.zing.zalo)
  Found 20 versions
    - v49.9.19 (apkmirror)
    - v49.8.20 (apkmirror)
    - v49.7.20 (apkmirror)
    ... and 17 more
Supabase: saved 20 versions for com.zing.zalo

[20/621] Messenger (com.facebook.orca)
  Found 20 versions
    - v547.0.0.44.68 (uptodown)
    - v546.0.0.35.70 (uptodown)
    - v545.0.0.27.62 (uptodown)
    ... and 17 more
Supabase: saved 20 versions for com.facebook.orca

[21/621] Tệp Cloud: Lưu trữ đám mây (ru.mail.cloud)
  Found 20 versions
    - v50.0.19 (apkmirror)
    - v49.9.19 (apkmirror)
    - v49.9.15 (apkmirror)
    ... and 17 more
Supabase: saved 20 versions for ru.mail.cloud

[22/621] Total Drive - Cloud Storage (com.totaldrive.my.ts)
  Found 20 versions
    - v50.0.19 (apkmirror)
    - v49.9.19 (apkmirror)
    - v49.9.15 (apkmirror)
    ... and 17 more
Supabase: saved 20 versions for com.totaldrive.my.ts

[23/621] Proton Drive: Cloud Storage (me.proton.android.drive)
  Found 20 versions
    - v7.16.34 (uptodown)
    - v7.16.31 (uptodown)
    - v7.16.25 (uptodown)
    ... and 17 more
Supabase: saved 20 versions for me.proton.android.drive

[24/621] Cloudike (com.cloudike.cloudike)
  Found 16 versions
    - v8.6.0.9 (apkpure)
    - v8.5.0.15 (apkpure)
    - v8.3.0.49 (apkpure)
    ... and 13 more
Supabase: saved 16 versions for com.cloudike.cloudike

[25/621] Trình quét Mã QR & Mã vạch (com.gamma.scan)
  Found 20 versions
    - v2.3 (uptodown)
    - v2.2.221 (apkpure)
    - v2.2.119 (apkpure)
    ... and 17 more
Supabase: saved 20 versions for com.gamma.scan

[26/621] Google Ống kính (com.google.ar.lens)
  Found 20 versions
    - v1.18.250731009 (apkpure)
    - v1.18.250731006 (apkcombo)
    - v1.17.240515009 (apkpure)
    ... and 17 more
Supabase: saved 20 versions for com.google.ar.lens

[27/621] Zing MP3 (com.zing.mp3)
  Found 20 versions
    - v25.12.02 (apkpure)
    - v25.12 (apkpure)
    - v25.11 (apkpure)
    ... and 17 more
Supabase: saved 20 versions for com.zing.mp3

[28/621] MoMo-Trợ Thủ Tài Chính với AI (com.mservice.momotransfer)
  No versions found

[29/621] MB Bank (com.mbmobile)
  Found 1 versions
    - v1.4.5 (apkpure)
Supabase: saved 1 versions for com.mbmobile

[30/621] LINE: Gọi và nhắn tin (jp.naver.line.android)
  Found 20 versions
    - v26.1.1 (apkcombo)
    - v26.0.0 (apkcombo)
    - v15.21.3 (apkcombo)
    ... and 17 more
Supabase: saved 20 versions for jp.naver.line.android

[31/621] Signal - Giao tiếp riêng tư (org.thoughtcrime.securesms)
  Found 20 versions
    - v7.72.2 (apkpure)
    - v7.72.1 (apkcombo)
    - v7.71.2 (apkpure)
    ... and 17 more
Supabase: saved 20 versions for org.thoughtcrime.securesms

[32/621] Zoom for Chromebook (us.zoom.pwa.twa)
  Found 4 versions
    - v6.5.5 (apkpure)
    - v6.4.5 (apkpure)
    - v1.1.9 (uptodown)
    ... and 1 more
Supabase: saved 4 versions for us.zoom.pwa.twa

[33/621] Zoom - for Home TV (us.zoom.tv)
  Found 2 versions
    - v1.1.9 (uptodown)
    - v1.1.1 (uptodown)
Supabase: saved 2 versions for us.zoom.tv

[34/621] Zoom Rooms Controller (us.zoom.zrc)
  Found 20 versions
    - v6.7.0 (apkpure)
    - v6.6.10 (apkpure)
    - v6.6.5 (apkpure)
    ... and 17 more
Supabase: saved 20 versions for us.zoom.zrc

[35/621] Zoom Workplace for Intune (us.zoom.videomeetings4intune)
  Found 20 versions
    - v50.0.19 (apkmirror)
    - v49.9.19 (apkmirror)
    - v49.9.15 (apkmirror)
    ... and 17 more
Supabase: saved 20 versions for us.zoom.videomeetings4intune

[36/621] Zoom for BlackBerry (us.zoom.videomeetingsforgood)
  Found 2 versions
    - v1.1.9 (uptodown)
    - v1.1.1 (uptodown)
Supabase: saved 2 versions for us.zoom.videomeetingsforgood

[37/621] Google Meet (com.google.android.apps.tachyon)
  Found 20 versions
    - v345.0.864223971 (apkpure)
    - v344.0.862926451 (apkpure)
    - v344.0.862795991 (apkpure)
    ... and 17 more
2026-02-08 15:01:18,635 INFO APKPure versions URL: https://apkpure.com/jiomeet/com.jio.rilconferences/versions
2026-02-08 15:01:19,109 INFO APKPure: found 20 versions for com.jio.rilconferences
2026-02-08 15:01:19,109 INFO APKPure: added 20 unique versions
2026-02-08 15:01:20,339 INFO Uptodown versions URL: https://jiomeet.en.uptodown.com/android/versions
2026-02-08 15:01:20,849 INFO Uptodown: found 0 versions for com.jio.rilconferences
2026-02-08 15:01:52,628 INFO APKCombo: page not found for com.jio.rilconferences
2026-02-08 15:01:54,103 INFO APKMirror uploads URL: https://www.apkmirror.com/apk/jio-platforms-limited/jiomeet-2/jiomeet-2-4-26-1-14-release/
2026-02-08 15:01:55,546 INFO APKMirror: found 20 versions for com.jio.rilconferences
2026-02-08 15:01:55,550 INFO APKMirror: added 20 unique versions
2026-02-08 15:01:55,552 INFO Total unique versions for com.jio.rilconferences: 40
2026-02-08 15:01:56,895 INFO HTTP Request: POST https://zbtebwdomihnjwuvabpr.supabase.co/rest/v1/app_versions?on_conflict=app_id%2Cversion_name&columns=%22version_name%22%2C%22source%22%2C%22release_date%22%2C%22apk_url%22%2C%22app_id%22%2C%22apk_size_mb%22 "HTTP/2 201 Created"
2026-02-08 15:01:57,813 INFO APKPure versions URL: https://apkpure.com/anymeeting-online-meeting/net.intermedia.newmeeting/versions
2026-02-08 15:01:58,241 INFO APKPure: found 20 versions for net.intermedia.newmeeting
2026-02-08 15:01:58,241 INFO APKPure: added 20 unique versions
2026-02-08 15:02:00,550 INFO Uptodown: page not found for net.intermedia.newmeeting
2026-02-08 15:02:02,135 INFO APKCombo: found 20 versions for net.intermedia.newmeeting
2026-02-08 15:02:03,274 INFO APKMirror uploads URL: https://www.apkmirror.com/apk/intermedia-net-inc/anymeeting-online-meeting/anymeeting-online-meeting-1-275-0-release/
2026-02-08 15:02:07,401 INFO APKMirror: found 20 versions for net.intermedia.newmeeting
2026-02-08 15:02:07,402 INFO APKMirror: added 10 unique versions
2026-02-08 15:02:07,402 INFO Total unique versions for net.intermedia.newmeeting: 30
2026-02-08 15:02:07,835 INFO HTTP Request: POST https://zbtebwdomihnjwuvabpr.supabase.co/rest/v1/app_versions?on_conflict=app_id%2Cversion_name&columns=%22version_name%22%2C%22source%22%2C%22release_date%22%2C%22apk_url%22%2C%22app_id%22%2C%22apk_size_mb%22 "HTTP/2 201 Created"
2026-02-08 15:02:08,103 INFO APKPure versions URL: https://apkpure.com/dropbox-secure-cloud-storage/com.dropbox.android/versions
2026-02-08 15:02:19,364 INFO Uptodown versions URL: https://dropbox.en.uptodown.com/android/versions
2026-02-08 15:02:20,005 INFO Uptodown: found 0 versions for com.dropbox.android
2026-02-08 15:02:21,470 INFO APKCombo: found 3 versions for com.dropbox.android
2026-02-08 15:02:21,471 INFO APKCombo: added 3 unique versions
2026-02-08 15:02:33,979 INFO Total unique versions for com.dropbox.android: 3
2026-02-08 15:02:34,642 INFO HTTP Request: POST https://zbtebwdomihnjwuvabpr.supabase.co/rest/v1/app_versions?on_conflict=app_id%2Cversion_name&columns=%22version_name%22%2C%22source%22%2C%22release_date%22%2C%22apk_url%22%2C%22app_id%22%2C%22apk_size_mb%22 "HTTP/2 201 Created"
2026-02-08 15:02:35,370 INFO APKPure versions URL: https://apkpure.com/pcloud-cloud-storage/com.pcloud.pcloud/versions
2026-02-08 15:02:35,889 INFO APKPure: found 20 versions for com.pcloud.pcloud
2026-02-08 15:02:35,889 INFO APKPure: added 20 unique versions
2026-02-08 15:02:36,879 INFO Uptodown versions URL: https://pcloud.en.uptodown.com/android/versions
2026-02-08 15:02:37,358 INFO Uptodown: found 16 versions for com.pcloud.pcloud
2026-02-08 15:02:38,840 INFO APKCombo: found 20 versions for com.pcloud.pcloud
2026-02-08 15:02:40,135 INFO APKMirror uploads URL: https://www.apkmirror.com/apk/pcloud-ltd/pcloud-free-cloud-storage/pcloud-cloud-storage-4-18-0-release/
2026-02-08 15:02:41,747 INFO APKMirror: found 20 versions for com.pcloud.pcloud
2026-02-08 15:02:41,750 INFO APKMirror: added 10 unique versions
2026-02-08 15:02:41,755 INFO Total unique versions for com.pcloud.pcloud: 30
2026-02-08 15:02:42,258 INFO HTTP Request: POST https://zbtebwdomihnjwuvabpr.supabase.co/rest/v1/app_versions?on_conflict=app_id%2Cversion_name&columns=%22version_name%22%2C%22source%22%2C%22release_date%22%2C%22apk_url%22%2C%22app_id%22%2C%22apk_size_mb%22 "HTTP/2 201 Created"
2026-02-08 15:02:42,617 INFO APKPure versions URL: https://apkpure.com/account/logout/versions
2026-02-08 15:02:43,979 INFO Uptodown versions URL: https://cloud.en.uptodown.com/android/versions
2026-02-08 15:02:44,621 INFO Uptodown: found 0 versions for com.cloudstorageapp.cloudbackup.storagespace.databackup
2026-02-08 15:02:45,469 INFO APKCombo: found 9 versions for com.cloudstorageapp.cloudbackup.storagespace.databackup
2026-02-08 15:02:45,470 INFO APKCombo: added 9 unique versions
2026-02-08 15:02:46,069 INFO APKMirror uploads URL: https://www.apkmirror.com/apk/google-inc/google-play-store/google-play-store-49-7-20-release/
2026-02-08 15:02:53,163 INFO APKMirror: found 20 versions for com.cloudstorageapp.cloudbackup.storagespace.databackup
2026-02-08 15:02:53,165 INFO APKMirror: added 20 unique versions
2026-02-08 15:02:53,165 INFO Total unique versions for com.cloudstorageapp.cloudbackup.storagespace.databackup: 29
2026-02-08 15:02:53,626 INFO HTTP Request: POST https://zbtebwdomihnjwuvabpr.supabase.co/rest/v1/app_versions?on_conflict=app_id%2Cversion_name&columns=%22version_name%22%2C%22source%22%2C%22release_date%22%2C%22apk_url%22%2C%22app_id%22%2C%22apk_size_mb%22 "HTTP/2 201 Created"
2026-02-08 15:02:54,112 INFO APKPure versions URL: https://apkpure.com/terabox-1tb-cloud-ai-space-app/com.dubox.drive/versions
2026-02-08 15:02:54,479 INFO APKPure: found 20 versions for com.dubox.drive
2026-02-08 15:02:54,479 INFO APKPure: added 20 unique versions
2026-02-08 15:02:55,662 INFO Uptodown versions URL: https://terabox.en.uptodown.com/android/versions
2026-02-08 15:02:56,100 INFO Uptodown: found 20 versions for com.dubox.drive
2026-02-08 15:02:56,100 INFO Uptodown: added 14 unique versions
2026-02-08 15:02:57,522 INFO APKCombo: found 3 versions for com.dubox.drive
2026-02-08 15:02:57,523 INFO APKCombo: added 2 unique versions
2026-02-08 15:02:58,408 INFO APKMirror uploads URL: https://www.apkmirror.com/apk/flextech-inc/terabox-cloud-storage-cloud-backup-data-backup/terabox-1tb-cloud-ai-space-4-10-4-release/
2026-02-08 15:03:08,092 INFO Total unique versions for com.dubox.drive: 36
2026-02-08 15:03:08,540 INFO HTTP Request: POST https://zbtebwdomihnjwuvabpr.supabase.co/rest/v1/app_versions?on_conflict=app_id%2Cversion_name&columns=%22version_name%22%2C%22source%22%2C%22release_date%22%2C%22apk_url%22%2C%22app_id%22%2C%22apk_size_mb%22 "HTTP/2 201 Created"
2026-02-08 15:03:08,953 INFO APKPure versions URL: https://apkpure.com/s3drive-cloud-storage/com.s3.drive.file.explorer.storage.cloud.manager/versions
2026-02-08 15:03:09,424 INFO APKPure: found 20 versions for com.s3.drive.file.explorer.storage.cloud.manager
2026-02-08 15:03:09,425 INFO APKPure: added 20 unique versions
2026-02-08 15:03:11,288 INFO Uptodown versions URL: https://drive.en.uptodown.com/android/versions
2026-02-08 15:03:11,705 INFO Uptodown: found 7 versions for com.s3.drive.file.explorer.storage.cloud.manager
2026-02-08 15:03:11,705 INFO Uptodown: added 7 unique versions
2026-02-08 15:03:12,650 INFO APKCombo: found 20 versions for com.s3.drive.file.explorer.storage.cloud.manager
2026-02-08 15:03:12,651 INFO APKCombo: added 1 unique versions
2026-02-08 15:03:14,638 INFO APKMirror uploads URL: https://www.apkmirror.com/apk/s3drive/s3drive-cloud-storage/s3drive-cloud-storage-1-9-5-release/
2026-02-08 15:03:15,527 INFO APKMirror: found 20 versions for com.s3.drive.file.explorer.storage.cloud.manager
2026-02-08 15:03:15,531 INFO APKMirror: added 20 unique versions
2026-02-08 15:03:15,532 INFO Total unique versions for com.s3.drive.file.explorer.storage.cloud.manager: 48
2026-02-08 15:03:16,034 INFO HTTP Request: POST https://zbtebwdomihnjwuvabpr.supabase.co/rest/v1/app_versions?on_conflict=app_id%2Cversion_name&columns=%22version_name%22%2C%22source%22%2C%22release_date%22%2C%22apk_url%22%2C%22app_id%22%2C%22apk_size_mb%22 "HTTP/2 201 Created"
2026-02-08 15:03:16,587 INFO APKPure versions URL: https://apkpure.com/icedrive-secure-cloud-storage/com.icedrive.app/versions
2026-02-08 15:03:17,097 INFO APKPure: found 20 versions for com.icedrive.app
2026-02-08 15:03:17,098 INFO APKPure: added 20 unique versions
2026-02-08 15:03:18,532 INFO Uptodown: page not found for com.icedrive.app
2026-02-08 15:03:19,392 INFO APKCombo: found 20 versions for com.icedrive.app
2026-02-08 15:03:20,098 INFO APKMirror uploads URL: https://www.apkmirror.com/apk/google-inc/google-play-store/google-play-store-49-7-20-release/
2026-02-08 15:03:29,732 INFO Total unique versions for com.icedrive.app: 20
2026-02-08 15:03:30,207 INFO HTTP Request: POST https://zbtebwdomihnjwuvabpr.supabase.co/rest/v1/app_versions?on_conflict=app_id%2Cversion_name&columns=%22version_name%22%2C%22source%22%2C%22release_date%22%2C%22apk_url%22%2C%22app_id%22%2C%22apk_size_mb%22 "HTTP/2 201 Created"
2026-02-08 15:03:30,615 INFO APKPure versions URL: https://apkpure.com/qr-barcode-scanner/com.teacapps.barcodescanner/versions
2026-02-08 15:03:31,333 INFO APKPure: found 20 versions for com.teacapps.barcodescanner
2026-02-08 15:03:31,339 INFO APKPure: added 20 unique versions
2026-02-08 15:03:33,534 INFO Uptodown: page not found for com.teacapps.barcodescanner
2026-02-08 15:03:34,671 INFO APKCombo: found 3 versions for com.teacapps.barcodescanner
2026-02-08 15:03:35,653 INFO APKMirror uploads URL: https://www.apkmirror.com/apk/google-inc/google-play-store/google-play-store-49-7-20-release/
2026-02-08 15:03:38,461 INFO APKMirror: found 20 versions for com.teacapps.barcodescanner
2026-02-08 15:03:38,462 INFO APKMirror: added 20 unique versions
2026-02-08 15:03:38,462 INFO Total unique versions for com.teacapps.barcodescanner: 40
2026-02-08 15:03:38,883 INFO HTTP Request: POST https://zbtebwdomihnjwuvabpr.supabase.co/rest/v1/app_versions?on_conflict=app_id%2Cversion_name&columns=%22version_name%22%2C%22source%22%2C%22release_date%22%2C%22apk_url%22%2C%22app_id%22%2C%22apk_size_mb%22 "HTTP/2 201 Created"
2026-02-08 15:03:39,211 INFO APKPure versions URL: https://apkpure.com/wechat/com.tencent.mm/versions
2026-02-08 15:03:39,519 INFO APKPure: found 20 versions for com.tencent.mm
2026-02-08 15:03:39,519 INFO APKPure: added 20 unique versions
2026-02-08 15:03:40,816 INFO Uptodown versions URL: https://wechat.en.uptodown.com/android/versions
2026-02-08 15:03:41,294 INFO Uptodown: found 11 versions for com.tencent.mm
2026-02-08 15:03:41,299 INFO Uptodown: added 5 unique versions
2026-02-08 15:03:41,739 INFO APKCombo: found 3 versions for com.tencent.mm
2026-02-08 15:03:43,952 INFO APKMirror uploads URL: https://www.apkmirror.com/apk/wechat/wechat/wechat-8-0-66-release/
2026-02-08 15:03:53,615 INFO Total unique versions for com.tencent.mm: 25
2026-02-08 15:03:54,112 INFO HTTP Request: POST https://zbtebwdomihnjwuvabpr.supabase.co/rest/v1/app_versions?on_conflict=app_id%2Cversion_name&columns=%22version_name%22%2C%22source%22%2C%22release_date%22%2C%22apk_url%22%2C%22app_id%22%2C%22apk_size_mb%22 "HTTP/2 201 Created"
2026-02-08 15:03:54,384 INFO APKPure versions URL: https://apkpure.com/discord-talk-chat-hang-out/com.discord/versions
2026-02-08 15:04:04,997 INFO Uptodown: page not found for com.discord
2026-02-08 15:04:06,175 INFO APKCombo: found 0 versions for com.discord
2026-02-08 15:04:19,170 INFO Total unique versions for com.discord: 0
2026-02-08 15:04:20,027 INFO APKPure versions URL: https://apkpure.com/kakaotalk-messenger/com.kakao.talk/versions
2026-02-08 15:04:20,376 INFO APKPure: found 20 versions for com.kakao.talk
2026-02-08 15:04:20,377 INFO APKPure: added 20 unique versions
2026-02-08 15:04:21,835 INFO Uptodown versions URL: https://kakaotalk.en.uptodown.com/android/versions
2026-02-08 15:04:22,282 INFO Uptodown: found 20 versions for com.kakao.talk
2026-02-08 15:04:22,282 INFO Uptodown: added 8 unique versions
2026-02-08 15:04:23,685 INFO APKCombo: found 3 versions for com.kakao.talk
2026-02-08 15:04:23,686 INFO APKCombo: added 1 unique versions
2026-02-08 15:04:24,495 INFO APKMirror uploads URL: https://www.apkmirror.com/apk/google-inc/google-play-store/google-play-store-49-7-20-release/
2026-02-08 15:04:26,627 INFO APKMirror: found 20 versions for com.kakao.talk
2026-02-08 15:04:26,628 INFO APKMirror: added 20 unique versions
2026-02-08 15:04:26,628 INFO Total unique versions for com.kakao.talk: 49
2026-02-08 15:04:27,545 INFO HTTP Request: POST https://zbtebwdomihnjwuvabpr.supabase.co/rest/v1/app_versions?on_conflict=app_id%2Cversion_name&columns=%22version_name%22%2C%22source%22%2C%22release_date%22%2C%22apk_url%22%2C%22app_id%22%2C%22apk_size_mb%22 "HTTP/2 201 Created"
2026-02-08 15:04:28,044 INFO APKPure versions URL: https://apkpure.com/fanatic-app-for-clash-of-clans/clashfanatic.tips.guide.clashofclans/versions
2026-02-08 15:04:28,514 INFO APKPure: found 20 versions for clashfanatic.tips.guide.clashofclans
2026-02-08 15:04:28,514 INFO APKPure: added 20 unique versions
2026-02-08 15:04:29,728 INFO Uptodown versions URL: https://fanatic.en.uptodown.com/android/versions
2026-02-08 15:04:30,229 INFO Uptodown: found 0 versions for clashfanatic.tips.guide.clashofclans
